2024-03-23 21:24:22,834 [Worker-0: Loading available Gradle versions] INFO  o.e.b.c.i.u.g.PublishedGradleVersions - Gradle version information cache is out-of-date. Trying to update.
2024-03-23 23:09:44,546 [Worker-0: Loading available Gradle versions] INFO  o.e.b.c.i.u.g.PublishedGradleVersions - Gradle version information cache is up-to-date. Trying to read.
2024-03-24 10:13:12,928 [Worker-6: Loading available Gradle versions] INFO  o.e.b.c.i.u.g.PublishedGradleVersions - Gradle version information cache is up-to-date. Trying to read.
2024-03-24 10:14:25,341 [Worker-19: Update Maven projects configuration] INFO  o.e.m.c.i.p.ProjectConfigurationManager - Update started
2024-03-24 10:14:26,017 [Worker-19: Update Maven projects configuration] INFO  o.e.m.c.i.l.LifecycleMappingFactory - Using org.eclipse.m2e.jdt.JarLifecycleMapping lifecycle mapping for MavenProject: com.mycompany:javabuoi2:1.0-SNAPSHOT @ D:\Khoa Hoc May Tinh\KI_4\java\javabuoi2\pom.xml.
2024-03-24 10:14:26,591 [Worker-19: Update Maven projects configuration] INFO  o.e.m.j.i.AbstractJavaProjectConfigurator - Adding source folder /javabuoi2/src/main/java
2024-03-24 10:14:26,593 [Worker-19: Update Maven projects configuration] INFO  o.e.m.j.i.AbstractJavaProjectConfigurator - Adding resource folder /javabuoi2/src/main/resources
2024-03-24 10:14:26,597 [Worker-19: Update Maven projects configuration] INFO  o.e.m.j.i.AbstractJavaProjectConfigurator - Adding source folder /javabuoi2/src/test/java
2024-03-24 10:14:26,598 [Worker-19: Update Maven projects configuration] INFO  o.e.m.j.i.AbstractJavaProjectConfigurator - Adding resource folder /javabuoi2/src/test/resources
2024-03-24 10:14:27,035 [Worker-19: Update Maven projects configuration] INFO  o.e.m.c.i.p.ProjectConfigurationManager - Update completed for 1 poms: local refresh takes 0.00 sec, refresh facades takes 1.00 sec, update config takes 0.00 sec 
2024-03-24 10:14:27,674 [Worker-17: Building] INFO  o.a.m.s.f.DefaultMavenResourcesFiltering - skip non existing resourceDirectory D:\Khoa Hoc May Tinh\KI_4\java\javabuoi2\src\main\resources
2024-03-24 10:14:27,678 [Worker-17: Building] INFO  o.a.m.s.f.DefaultMavenResourcesFiltering - skip non existing resourceDirectory D:\Khoa Hoc May Tinh\KI_4\java\javabuoi2\src\test\resources
2024-03-24 10:16:24,153 [Worker-12: Loading available Gradle versions] INFO  o.e.b.c.i.u.g.PublishedGradleVersions - Gradle version information cache is up-to-date. Trying to read.
2024-03-24 10:28:23,933 [Worker-22: Building] INFO  o.a.m.s.f.DefaultMavenResourcesFiltering - skip non existing resourceDirectory D:\Khoa Hoc May Tinh\KI_4\java\javabuoi2\src\main\resources
2024-03-24 10:28:23,942 [Worker-22: Building] INFO  o.a.m.s.f.DefaultMavenResourcesFiltering - skip non existing resourceDirectory D:\Khoa Hoc May Tinh\KI_4\java\javabuoi2\src\test\resources
2024-03-24 10:29:33,839 [Worker-31: Building] INFO  o.a.m.s.f.DefaultMavenResourcesFiltering - skip non existing resourceDirectory D:\Khoa Hoc May Tinh\KI_4\java\javabuoi2\src\main\resources
2024-03-24 10:29:33,842 [Worker-31: Building] INFO  o.a.m.s.f.DefaultMavenResourcesFiltering - skip non existing resourceDirectory D:\Khoa Hoc May Tinh\KI_4\java\javabuoi2\src\test\resources
2024-03-24 11:01:44,714 [Worker-7: Loading available Gradle versions] INFO  o.e.b.c.i.u.g.PublishedGradleVersions - Gradle version information cache is up-to-date. Trying to read.
2024-03-24 11:48:51,765 [Worker-33: Building] INFO  o.a.m.s.f.DefaultMavenResourcesFiltering - skip non existing resourceDirectory D:\Khoa Hoc May Tinh\KI_4\java\javabuoi2\src\main\resources
2024-03-24 11:48:51,770 [Worker-33: Building] INFO  o.a.m.s.f.DefaultMavenResourcesFiltering - skip non existing resourceDirectory D:\Khoa Hoc May Tinh\KI_4\java\javabuoi2\src\test\resources
2024-03-24 22:15:31,580 [Worker-7: Loading available Gradle versions] INFO  o.e.b.c.i.u.g.PublishedGradleVersions - Gradle version information cache is out-of-date. Trying to update.
2024-03-24 22:17:32,423 [Worker-7: Building] INFO  o.a.m.s.f.DefaultMavenResourcesFiltering - skip non existing resourceDirectory D:\Khoa Hoc May Tinh\KI_4\java\javabuoi2\src\main\resources
2024-03-24 22:17:32,430 [Worker-7: Building] INFO  o.a.m.s.f.DefaultMavenResourcesFiltering - skip non existing resourceDirectory D:\Khoa Hoc May Tinh\KI_4\java\javabuoi2\src\test\resources
2024-03-24 22:20:15,887 [Worker-3: Loading available Gradle versions] INFO  o.e.b.c.i.u.g.PublishedGradleVersions - Gradle version information cache is up-to-date. Trying to read.
2024-03-24 22:21:18,418 [Worker-8: Building] INFO  o.a.m.s.f.DefaultMavenResourcesFiltering - skip non existing resourceDirectory D:\Khoa Hoc May Tinh\KI_4\java\javabuoi2\src\main\resources
2024-03-24 22:21:18,427 [Worker-8: Building] INFO  o.a.m.s.f.DefaultMavenResourcesFiltering - skip non existing resourceDirectory D:\Khoa Hoc May Tinh\KI_4\java\javabuoi2\src\test\resources
2024-03-24 22:23:44,588 [Worker-3: Loading available Gradle versions] INFO  o.e.b.c.i.u.g.PublishedGradleVersions - Gradle version information cache is up-to-date. Trying to read.
2024-03-24 22:28:21,980 [Worker-28: Loading available Gradle versions] INFO  o.e.b.c.i.u.g.PublishedGradleVersions - Gradle version information cache is up-to-date. Trying to read.
2024-03-24 22:46:06,637 [Worker-6: Loading available Gradle versions] INFO  o.e.b.c.i.u.g.PublishedGradleVersions - Gradle version information cache is up-to-date. Trying to read.
2024-03-24 22:52:47,815 [Worker-7: Loading available Gradle versions] INFO  o.e.b.c.i.u.g.PublishedGradleVersions - Gradle version information cache is up-to-date. Trying to read.
2024-03-24 23:53:26,497 [Worker-40: Building] INFO  o.a.m.s.f.DefaultMavenResourcesFiltering - skip non existing resourceDirectory D:\Khoa Hoc May Tinh\KI_4\java\javabuoi2\src\main\resources
2024-03-24 23:53:26,523 [Worker-40: Building] INFO  o.a.m.s.f.DefaultMavenResourcesFiltering - skip non existing resourceDirectory D:\Khoa Hoc May Tinh\KI_4\java\javabuoi2\src\test\resources
2024-03-25 00:02:07,685 [Worker-45: Building] INFO  o.a.m.s.f.DefaultMavenResourcesFiltering - skip non existing resourceDirectory D:\Khoa Hoc May Tinh\KI_4\java\javabuoi2\src\main\resources
2024-03-25 00:02:07,691 [Worker-45: Building] INFO  o.a.m.s.f.DefaultMavenResourcesFiltering - skip non existing resourceDirectory D:\Khoa Hoc May Tinh\KI_4\java\javabuoi2\src\test\resources
2024-03-25 00:02:48,139 [Worker-33: Launching bai1] INFO  o.a.m.s.f.DefaultMavenResourcesFiltering - skip non existing resourceDirectory D:\Khoa Hoc May Tinh\KI_4\java\javabuoi2\src\main\resources
2024-03-25 00:02:48,143 [Worker-33: Launching bai1] INFO  o.a.m.s.f.DefaultMavenResourcesFiltering - skip non existing resourceDirectory D:\Khoa Hoc May Tinh\KI_4\java\javabuoi2\src\test\resources
2024-03-25 22:27:05,752 [Worker-4: Loading available Gradle versions] INFO  o.e.b.c.i.u.g.PublishedGradleVersions - Gradle version information cache is out-of-date. Trying to update.
2024-03-27 20:56:58,197 [Worker-5: Loading available Gradle versions] INFO  o.e.b.c.i.u.g.PublishedGradleVersions - Gradle version information cache is out-of-date. Trying to update.
2024-03-27 20:56:59,910 [Worker-12: Building] INFO  o.a.m.s.f.DefaultMavenResourcesFiltering - skip non existing resourceDirectory D:\Khoa Hoc May Tinh\KI_4\java\javabuoi2\src\main\resources
2024-03-27 20:56:59,917 [Worker-12: Building] INFO  o.a.m.s.f.DefaultMavenResourcesFiltering - skip non existing resourceDirectory D:\Khoa Hoc May Tinh\KI_4\java\javabuoi2\src\test\resources
